
<!DOCTYPE html>
<html lang="en">

<head>
  <meta charset="UTF-8">
  <meta name='viewport' content='width=device-width, initial-scale=1.0'>
  <title>chaintest</title>
    <link href="https://cdn.jsdelivr.net/gh/anshooarora/chaintest/cdn/simple/chaintest-pkg.css" rel="stylesheet">
    <link href="https://fonts.googleapis.com/css2?family=Inter:ital,opsz,wght@0,14..32,100..900;1,14..32,100..900&display=swap" rel="stylesheet">
  <style></style>
</head>

<body data-bs-theme="dark">
  <nav class="navbar border-bottom">
    <div class="container d-flex justify-content-between">
      <div>
        <a class="navbar-brand" href="#">ChainTest</a>
        <span class="ms-3 fs-6">Chaintest Reports</span>
      </div>
      <div>
        <span class="badge badge-outline text-lg"><i class="bi bi-hourglass me-1"></i> 1m 9s</span>
        <span class="badge badge-outline text-lg"><i class="bi bi-clock me-1"></i> Started 2025-03-26 09:28:18 am</span>
        <span class="badge badge-outline text-lg"><i class="bi bi-clock me-1"></i> Ended 2025-03-26 09:29:27 am</span>
      </div>
      <div>
          <button role="button" id="sys-info" class="btn btn-outline-primary smaller" title="View System Info">
            <i class="bi bi-pc-display-horizontal"></i></button>
        <button role="button" id="shortcuts" class="btn btn-outline-primary smaller" title="Shortcuts">
            <i class="bi bi-info-circle"></i></button>
      </div>
    </div>
  </nav>

  <div id="summary" class="container-fluid bg-body-tertiary">
    <!-- dashboard section -->
    <div id="dashboard" class="py-5">
      <div class="container">
        <div class="row">
          <div class="col-4">
            <div class="card card-custom" style="height: 175px">
              <div class="card-header">
                Features
              </div>
              <div class="card-body d-flex justify-content-center" style="height: 90px;">
                <div class="chart-view center" style="margin-left: -1rem;">
                  <canvas id="stats1"></canvas>
                </div>
              </div>
              <div class="card-footer small">
                0 Passed,
                2 Failed,
                0 Skipped
              </div>
            </div>
          </div>
          <div class="col-4">
            <div class="card card-custom" style="height: 175px">
              <div class="card-header">
                Scenarios
              </div>
              <div class="card-body d-flex justify-content-center" style="height: 90px;">
                <div class="chart-view center" style="margin-left: -1rem;">
                  <canvas id="stats2"></canvas>
                </div>
              </div>
              <div class="card-footer small">
                2 Passed,
                2 Failed,
                0 Skipped
              </div>
            </div>
          </div>
            <div class="col-4">
              <div class="card card-custom" style="height: 175px">
                <div class="card-header">
                  Steps
                </div>
                <div class="card-body d-flex justify-content-center" style="height: 90px;">
                  <div class="chart-view center" style="margin-left: -1rem;">
                    <canvas id="stats3"></canvas>
                  </div>
                </div>
                <div class="card-footer small">
                  56 Passed,
                  4 Failed,
                  19 Skipped
                </div>
              </div>
            </div>
        </div>
      </div>
    </div>
    <!-- /dashboard section -->

    <!-- tag section -->
      <div id="tags" class="container pb-5">
        <div class="card card-custom">
          <div class="card-header">
            Tags
          </div>
          <div class="card-body">
            <table id="tag-summary" class="table">
              <thead>
                <tr>
                  <th scope="col" style="width:65%"></th>
                  <th scope="col">Total</th>
                  <th scope="col">Passed</th>
                  <th scope="col">Failed</th>
                  <th scope="col">Time</th>
                </tr>
              </thead>
              <tbody>
                  <tr>
                    <td><a href="#" class="secondary tag">@watch</a></td>
                    <td>1</td>
                    <td>0</td>
                    <td>1</td>
                    <td>26s</td>
                  </tr>
                  <tr>
                    <td><a href="#" class="secondary tag">@lumawatch</a></td>
                    <td>1</td>
                    <td>0</td>
                    <td>1</td>
                    <td>26s</td>
                  </tr>
                  <tr>
                    <td><a href="#" class="secondary tag">@Reg</a></td>
                    <td>1</td>
                    <td>0</td>
                    <td>1</td>
                    <td>26s</td>
                  </tr>
              </tbody>
            </table>
          </div>
        </div>
      </div>
      <div class="border-bottom"></div>
    <!-- /tag section -->
  </div>

  <div class="container-fluid">
    <div class="border-bottom py-3 mb-5">
      <div class="container d-flex justify-content-between">
        <div id="status-filter" aria-label="Filter tests with status">
          <button type="button" id="passed" class="btn btn-outline-success btn-sm">Passed</button>
          <button type="button" id="skipped" class="btn btn-outline-warning btn-sm">Skipped</button>
          <button type="button" id="failed" class="btn btn-outline-danger btn-sm">Failed</button>
          <button id="clear-filters" class="btn btn-outline-secondary btn-sm">
            <i class="bi bi-x-lg me-1"></i>Clear all filters</button>
        </div>
        <div>
          <button type="button" id="summary-toggle" class="btn btn-outline-primary btn-sm">Toggle Summary Section</button>
        </div>
      </div>
    </div>
      <div class="test-container">
        <div class="container">
          <div class="row">
            <div class="col-4">
              <h6 class="mb-3 testname failed">Feature: Purchasing in Luma Application</h6>
              <div class="small">
                <span class="badge badge-outline"><i class="bi bi-hourglass me-1"></i> 26s</span>
                <span class="badge text-bg-info"><i class="bi bi-clock me-1"></i>
                  2025-03-26 09:29:01 am</span>
                <span class="badge text-bg-warning"><i class="bi bi-clock me-1"></i>
                  2025-03-26 09:29:27 am</span>
              </div>
                <div class="my-2">
                    <span class="badge rounded-pill text-bg-secondary">@lumawatch</span>
                    <span class="badge rounded-pill text-bg-secondary">@watch</span>
                    <span class="badge rounded-pill text-bg-secondary">@Reg</span>
                </div>
            </div>
            <div class="col-8">
                <div class="card mb-1 result failed">
                  <div class="card-body">
                    <div class="d-flex justify-content-between">
                      <div>
                            <i class="bi bi-exclamation-octagon-fill text-danger"></i>
                        <span class="ms-2">Scenario: Buy a Luma Analog Watch</span>
                      </div>
                      <div>
                          <span class="tag-list">
                              <span class="badge rounded-pill text-bg-secondary">@lumawatch</span>
                              <span class="badge rounded-pill text-bg-secondary">@watch</span>
                              <span class="badge rounded-pill text-bg-secondary">@Reg</span>
                          </span>
                          <span class="mx-1">&middot;</span>
                        <span class="badge text-dark bg-light">26s</span>
                      </div>
                    </div>
  <div class="mt-2">
        <div class="mt-1">
            <i class="bi bi-check-circle-fill text-success"></i>
          <span class="ms-2">Given User Launch the Url</span>
        </div>
        <div class="mt-1">
            <i class="bi bi-check-circle-fill text-success"></i>
          <span class="ms-2">When User click the Homepage SingIn Button</span>
        </div>
        <div class="mt-1">
            <i class="bi bi-check-circle-fill text-success"></i>
          <span class="ms-2">Then User navigates to the login page "Customer Login"</span>
        </div>
        <div class="mt-1">
            <i class="bi bi-check-circle-fill text-success"></i>
          <span class="ms-2">When User enters Username "velandg10@gmail.com" in the Username Field</span>
        </div>
        <div class="mt-1">
            <i class="bi bi-check-circle-fill text-success"></i>
          <span class="ms-2">And User enters password "Velan@1995"  in the Password Field</span>
        </div>
        <div class="mt-1">
            <i class="bi bi-check-circle-fill text-success"></i>
          <span class="ms-2">And User clicks on the signIn button</span>
        </div>
        <div class="mt-1">
            <i class="bi bi-check-circle-fill text-success"></i>
          <span class="ms-2">Then User should be redirected to  the dashboard  "Welcome, Velan Velli!"</span>
        </div>
        <div class="mt-1">
            <i class="bi bi-check-circle-fill text-success"></i>
          <span class="ms-2">When User select the watches</span>
        </div>
        <div class="mt-1">
            <i class="bi bi-check-circle-fill text-success"></i>
          <span class="ms-2">And user select the "Luma Analog Watch" watch</span>
        </div>
        <div class="mt-1">
            <i class="bi bi-check-circle-fill text-success"></i>
          <span class="ms-2">And user increase the quantity</span>
        </div>
        <div class="mt-1">
            <i class="bi bi-check-circle-fill text-success"></i>
          <span class="ms-2">And User click the add to cart button</span>
        </div>
        <div class="mt-1">
              <i class="bi bi-exclamation-octagon-fill text-danger"></i>
          <span class="ms-2">And User click the Shoping Cart</span>
            <pre class="py-2 mt-2">org.openqa.selenium.remote.UnreachableBrowserException: Error communicating with the remote browser. It may have died.
Build info: version: '4.13.0', revision: 'ba948ece5b*'
System info: os.name: 'Windows 11', os.arch: 'amd64', os.version: '10.0', java.version: '17.0.9'
Driver info: org.openqa.selenium.chrome.ChromeDriver
Command: [b79e4d4b13f8bf0837b61b8ce7dfe39a, findElement [using, value]]
Capabilities {acceptInsecureCerts: false, browserName: chrome, browserVersion: 134.0.6998.118, chrome: {chromedriverVersion: 134.0.6998.165 (fd886e2cb29..., userDataDir: C:\Users\velan\AppData\Loca...}, fedcm:accounts: true, goog:chromeOptions: {debuggerAddress: localhost:57653}, networkConnectionEnabled: false, pageLoadStrategy: normal, platformName: windows, proxy: Proxy(), se:cdp: ws://localhost:57653/devtoo..., se:cdpVersion: 134.0.6998.118, setWindowRect: true, strictFileInteractability: false, timeouts: {implicit: 0, pageLoad: 300000, script: 30000}, unhandledPromptBehavior: dismiss and notify, webauthn:extension:credBlob: true, webauthn:extension:largeBlob: true, webauthn:extension:minPinLength: true, webauthn:extension:prf: true, webauthn:virtualAuthenticators: true}
Session ID: b79e4d4b13f8bf0837b61b8ce7dfe39a
	at org.openqa.selenium.remote.RemoteWebDriver.execute(RemoteWebDriver.java:629)
	at org.openqa.selenium.remote.ElementLocation$ElementFinder$2.findElement(ElementLocation.java:165)
	at org.openqa.selenium.remote.ElementLocation.findElement(ElementLocation.java:59)
	at org.openqa.selenium.remote.RemoteWebDriver.findElement(RemoteWebDriver.java:359)
	at org.openqa.selenium.remote.RemoteWebDriver.findElement(RemoteWebDriver.java:353)
	at org.openqa.selenium.support.pagefactory.DefaultElementLocator.findElement(DefaultElementLocator.java:68)
	at org.openqa.selenium.support.pagefactory.internal.LocatingElementHandler.invoke(LocatingElementHandler.java:38)
	at jdk.proxy2/jdk.proxy2.$Proxy27.getWrappedElement(Unknown Source)
	at org.openqa.selenium.remote.internal.WebElementToJsonConverter.apply(WebElementToJsonConverter.java:51)
	at java.base/java.util.stream.ReferencePipeline$3$1.accept(ReferencePipeline.java:197)
	at java.base/java.util.Spliterators$ArraySpliterator.forEachRemaining(Spliterators.java:992)
	at java.base/java.util.stream.AbstractPipeline.copyInto(AbstractPipeline.java:509)
	at java.base/java.util.stream.AbstractPipeline.wrapAndCopyInto(AbstractPipeline.java:499)
	at java.base/java.util.stream.ReduceOps$ReduceOp.evaluateSequential(ReduceOps.java:921)
	at java.base/java.util.stream.AbstractPipeline.evaluate(AbstractPipeline.java:234)
	at java.base/java.util.stream.ReferencePipeline.collect(ReferencePipeline.java:682)
	at org.openqa.selenium.remote.RemoteWebDriver.executeScript(RemoteWebDriver.java:465)
	at com.PageObjectModel.MenProductPagePOM.getShoppingCart(MenProductPagePOM.java:93)
	at com.lumaStepDef1.LumaMensStepDef.user_click_the_shoping_cart(LumaMensStepDef.java:103)
	at ✽.User click the Shoping Cart(file:///C:/Users/velan/eclipse-workspace.Cucumber/LumaCucumberFramework/src/test/resources/com.featureFiles/LumaWatch.feature:21)
Caused by: java.io.UncheckedIOException: java.net.SocketException: Connection reset
	at org.openqa.selenium.remote.http.netty.NettyHttpHandler.makeCall(NettyHttpHandler.java:73)
	at org.openqa.selenium.remote.http.AddSeleniumUserAgent.lambda$apply$0(AddSeleniumUserAgent.java:42)
	at org.openqa.selenium.remote.http.Filter.lambda$andFinally$1(Filter.java:55)
	at org.openqa.selenium.remote.http.netty.NettyHttpHandler.execute(NettyHttpHandler.java:48)
	at org.openqa.selenium.remote.http.netty.NettyClient.execute(NettyClient.java:96)
	at org.openqa.selenium.remote.HttpCommandExecutor.execute(HttpCommandExecutor.java:188)
	at org.openqa.selenium.remote.service.DriverCommandExecutor.invokeExecute(DriverCommandExecutor.java:196)
	at org.openqa.selenium.remote.service.DriverCommandExecutor.execute(DriverCommandExecutor.java:171)
	at org.openqa.selenium.remote.RemoteWebDriver.execute(RemoteWebDriver.java:602)
	at org.openqa.selenium.remote.ElementLocation$ElementFinder$2.findElement(ElementLocation.java:165)
	at org.openqa.selenium.remote.ElementLocation.findElement(ElementLocation.java:59)
	at org.openqa.selenium.remote.RemoteWebDriver.findElement(RemoteWebDriver.java:359)
	at org.openqa.selenium.remote.RemoteWebDriver.findElement(RemoteWebDriver.java:353)
	at org.openqa.selenium.support.pagefactory.DefaultElementLocator.findElement(DefaultElementLocator.java:68)
	at org.openqa.selenium.support.pagefactory.internal.LocatingElementHandler.invoke(LocatingElementHandler.java:38)
	at jdk.proxy2/jdk.proxy2.$Proxy27.getWrappedElement(Unknown Source)
	at org.openqa.selenium.remote.internal.WebElementToJsonConverter.apply(WebElementToJsonConverter.java:51)
	at java.base/java.util.stream.ReferencePipeline$3$1.accept(ReferencePipeline.java:197)
	at java.base/java.util.Spliterators$ArraySpliterator.forEachRemaining(Spliterators.java:992)
	at java.base/java.util.stream.AbstractPipeline.copyInto(AbstractPipeline.java:509)
	at java.base/java.util.stream.AbstractPipeline.wrapAndCopyInto(AbstractPipeline.java:499)
	at java.base/java.util.stream.ReduceOps$ReduceOp.evaluateSequential(ReduceOps.java:921)
	at java.base/java.util.stream.AbstractPipeline.evaluate(AbstractPipeline.java:234)
	at java.base/java.util.stream.ReferencePipeline.collect(ReferencePipeline.java:682)
	at org.openqa.selenium.remote.RemoteWebDriver.executeScript(RemoteWebDriver.java:465)
	at com.PageObjectModel.MenProductPagePOM.getShoppingCart(MenProductPagePOM.java:93)
	at com.lumaStepDef1.LumaMensStepDef.user_click_the_shoping_cart(LumaMensStepDef.java:103)
	at java.base/jdk.internal.reflect.NativeMethodAccessorImpl.invoke0(Native Method)
	at java.base/jdk.internal.reflect.NativeMethodAccessorImpl.invoke(NativeMethodAccessorImpl.java:77)
	at java.base/jdk.internal.reflect.DelegatingMethodAccessorImpl.invoke(DelegatingMethodAccessorImpl.java:43)
	at java.base/java.lang.reflect.Method.invoke(Method.java:568)
	at io.cucumber.java.Invoker.doInvoke(Invoker.java:66)
	at io.cucumber.java.Invoker.invoke(Invoker.java:24)
	at io.cucumber.java.AbstractGlueDefinition.invokeMethod(AbstractGlueDefinition.java:47)
	at io.cucumber.java.JavaStepDefinition.execute(JavaStepDefinition.java:29)
	at io.cucumber.core.runner.CoreStepDefinition.execute(CoreStepDefinition.java:66)
	at io.cucumber.core.runner.PickleStepDefinitionMatch.runStep(PickleStepDefinitionMatch.java:62)
	at io.cucumber.core.runner.ExecutionMode$1.execute(ExecutionMode.java:10)
	at io.cucumber.core.runner.TestStep.executeStep(TestStep.java:81)
	at io.cucumber.core.runner.TestStep.run(TestStep.java:53)
	at io.cucumber.core.runner.PickleStepTestStep.run(PickleStepTestStep.java:51)
	at io.cucumber.core.runner.TestCase.run(TestCase.java:84)
	at io.cucumber.core.runner.Runner.runPickle(Runner.java:75)
	at io.cucumber.junit.PickleRunners$NoStepDescriptions.lambda$run$0(PickleRunners.java:151)
	at io.cucumber.core.runtime.CucumberExecutionContext.lambda$runTestCase$5(CucumberExecutionContext.java:136)
	at io.cucumber.core.runtime.RethrowingThrowableCollector.executeAndThrow(RethrowingThrowableCollector.java:23)
	at io.cucumber.core.runtime.CucumberExecutionContext.runTestCase(CucumberExecutionContext.java:136)
	at io.cucumber.junit.PickleRunners$NoStepDescriptions.run(PickleRunners.java:148)
	at io.cucumber.junit.FeatureRunner.runChild(FeatureRunner.java:144)
	at io.cucumber.junit.FeatureRunner.runChild(FeatureRunner.java:28)
	at org.junit.runners.ParentRunner$4.run(ParentRunner.java:331)
	at org.junit.runners.ParentRunner$1.schedule(ParentRunner.java:79)
	at org.junit.runners.ParentRunner.runChildren(ParentRunner.java:329)
	at org.junit.runners.ParentRunner.access$100(ParentRunner.java:66)
	at org.junit.runners.ParentRunner$2.evaluate(ParentRunner.java:293)
	at org.junit.runners.ParentRunner$3.evaluate(ParentRunner.java:306)
	at org.junit.runners.ParentRunner.run(ParentRunner.java:413)
	at io.cucumber.junit.FeatureRunner.run(FeatureRunner.java:137)
	at io.cucumber.junit.Cucumber.runChild(Cucumber.java:199)
	at io.cucumber.junit.Cucumber.runChild(Cucumber.java:89)
	at org.junit.runners.ParentRunner$4.run(ParentRunner.java:331)
	at org.junit.runners.ParentRunner$1.schedule(ParentRunner.java:79)
	at org.junit.runners.ParentRunner.runChildren(ParentRunner.java:329)
	at org.junit.runners.ParentRunner.access$100(ParentRunner.java:66)
	at org.junit.runners.ParentRunner$2.evaluate(ParentRunner.java:293)
	at io.cucumber.core.runtime.CucumberExecutionContext.lambda$runFeatures$6(CucumberExecutionContext.java:147)
	at io.cucumber.core.runtime.CucumberExecutionContext.execute(CucumberExecutionContext.java:162)
	at io.cucumber.core.runtime.CucumberExecutionContext.runFeatures(CucumberExecutionContext.java:145)
	at io.cucumber.junit.Cucumber$StartAndFinishTestRun.evaluate(Cucumber.java:229)
	at org.junit.runners.ParentRunner$3.evaluate(ParentRunner.java:306)
	at org.junit.runners.ParentRunner.run(ParentRunner.java:413)
	at org.junit.runner.JUnitCore.run(JUnitCore.java:137)
	at org.junit.runner.JUnitCore.run(JUnitCore.java:115)
	at org.junit.vintage.engine.execution.RunnerExecutor.execute(RunnerExecutor.java:42)
	at org.junit.vintage.engine.VintageTestEngine.executeAllChildren(VintageTestEngine.java:80)
	at org.junit.vintage.engine.VintageTestEngine.execute(VintageTestEngine.java:72)
	at org.junit.platform.launcher.core.EngineExecutionOrchestrator.execute(EngineExecutionOrchestrator.java:198)
	at org.junit.platform.launcher.core.EngineExecutionOrchestrator.execute(EngineExecutionOrchestrator.java:169)
	at org.junit.platform.launcher.core.EngineExecutionOrchestrator.execute(EngineExecutionOrchestrator.java:93)
	at org.junit.platform.launcher.core.EngineExecutionOrchestrator.lambda$execute$0(EngineExecutionOrchestrator.java:58)
	at org.junit.platform.launcher.core.EngineExecutionOrchestrator.withInterceptedStreams(EngineExecutionOrchestrator.java:141)
	at org.junit.platform.launcher.core.EngineExecutionOrchestrator.execute(EngineExecutionOrchestrator.java:57)
	at org.junit.platform.launcher.core.DefaultLauncher.execute(DefaultLauncher.java:103)
	at org.junit.platform.launcher.core.DefaultLauncher.execute(DefaultLauncher.java:94)
	at org.junit.platform.launcher.core.DelegatingLauncher.execute(DelegatingLauncher.java:52)
	at org.junit.platform.launcher.core.SessionPerRequestLauncher.execute(SessionPerRequestLauncher.java:70)
	at org.eclipse.jdt.internal.junit5.runner.JUnit5TestReference.run(JUnit5TestReference.java:98)
	at org.eclipse.jdt.internal.junit.runner.TestExecution.run(TestExecution.java:40)
	at org.eclipse.jdt.internal.junit.runner.RemoteTestRunner.runTests(RemoteTestRunner.java:529)
	at org.eclipse.jdt.internal.junit.runner.RemoteTestRunner.runTests(RemoteTestRunner.java:756)
	at org.eclipse.jdt.internal.junit.runner.RemoteTestRunner.run(RemoteTestRunner.java:452)
	at org.eclipse.jdt.internal.junit.runner.RemoteTestRunner.main(RemoteTestRunner.java:210)
Caused by: java.net.SocketException: Connection reset
	at java.base/sun.nio.ch.SocketChannelImpl.throwConnectionReset(SocketChannelImpl.java:394)
	at java.base/sun.nio.ch.SocketChannelImpl.read(SocketChannelImpl.java:426)
	at io.netty.buffer.PooledByteBuf.setBytes(PooledByteBuf.java:254)
	at io.netty.buffer.AbstractByteBuf.writeBytes(AbstractByteBuf.java:1132)
	at io.netty.channel.socket.nio.NioSocketChannel.doReadBytes(NioSocketChannel.java:357)
	at io.netty.channel.nio.AbstractNioByteChannel$NioByteUnsafe.read(AbstractNioByteChannel.java:151)
	at io.netty.channel.nio.NioEventLoop.processSelectedKey(NioEventLoop.java:788)
	at io.netty.channel.nio.NioEventLoop.processSelectedKeysOptimized(NioEventLoop.java:724)
	at io.netty.channel.nio.NioEventLoop.processSelectedKeys(NioEventLoop.java:650)
	at io.netty.channel.nio.NioEventLoop.run(NioEventLoop.java:562)
	at io.netty.util.concurrent.SingleThreadEventExecutor$4.run(SingleThreadEventExecutor.java:997)
	at io.netty.util.internal.ThreadExecutorMap$2.run(ThreadExecutorMap.java:74)
	at io.netty.util.concurrent.FastThreadLocalRunnable.run(FastThreadLocalRunnable.java:30)
	at java.base/java.lang.Thread.run(Thread.java:840)
</pre>
        </div>
        <div class="mt-1">
              <i class="bi bi-exclamation-octagon-fill text-info"></i>
          <span class="ms-2">And User check the quantity as 2 in  the Shoping Cart Page</span>
        </div>
        <div class="mt-1">
              <i class="bi bi-exclamation-octagon-fill text-info"></i>
          <span class="ms-2">And User proceeds to checkout</span>
        </div>
        <div class="mt-1">
              <i class="bi bi-exclamation-octagon-fill text-info"></i>
          <span class="ms-2">When User fills in the mandatory shipping address with the following details</span>
        </div>
        <div class="mt-1">
              <i class="bi bi-exclamation-octagon-fill text-info"></i>
          <span class="ms-2">And User selects the standard shipping method</span>
        </div>
        <div class="mt-1">
              <i class="bi bi-exclamation-octagon-fill text-info"></i>
          <span class="ms-2">And User places the order</span>
        </div>
        <div class="mt-1">
              <i class="bi bi-exclamation-octagon-fill text-info"></i>
          <span class="ms-2">Then User should see a success message "Thank you for your purchase!"</span>
        </div>
        <div class="mt-1">
              <i class="bi bi-exclamation-octagon-fill text-info"></i>
          <span class="ms-2">And User should print the order number</span>
        </div>
        <div class="mt-1">
              <i class="bi bi-exclamation-octagon-fill text-danger"></i>
          <span class="ms-2">Hook: AFTER</span>
            <pre class="py-2 mt-2">org.openqa.selenium.remote.UnreachableBrowserException: Error communicating with the remote browser. It may have died.
Build info: version: '4.13.0', revision: 'ba948ece5b*'
System info: os.name: 'Windows 11', os.arch: 'amd64', os.version: '10.0', java.version: '17.0.9'
Driver info: org.openqa.selenium.chrome.ChromeDriver
Command: [b79e4d4b13f8bf0837b61b8ce7dfe39a, screenshot []]
Capabilities {acceptInsecureCerts: false, browserName: chrome, browserVersion: 134.0.6998.118, chrome: {chromedriverVersion: 134.0.6998.165 (fd886e2cb29..., userDataDir: C:\Users\velan\AppData\Loca...}, fedcm:accounts: true, goog:chromeOptions: {debuggerAddress: localhost:57653}, networkConnectionEnabled: false, pageLoadStrategy: normal, platformName: windows, proxy: Proxy(), se:cdp: ws://localhost:57653/devtoo..., se:cdpVersion: 134.0.6998.118, setWindowRect: true, strictFileInteractability: false, timeouts: {implicit: 0, pageLoad: 300000, script: 30000}, unhandledPromptBehavior: dismiss and notify, webauthn:extension:credBlob: true, webauthn:extension:largeBlob: true, webauthn:extension:minPinLength: true, webauthn:extension:prf: true, webauthn:virtualAuthenticators: true}
Session ID: b79e4d4b13f8bf0837b61b8ce7dfe39a
	at org.openqa.selenium.remote.RemoteWebDriver.execute(RemoteWebDriver.java:629)
	at org.openqa.selenium.remote.RemoteWebDriver.execute(RemoteWebDriver.java:675)
	at org.openqa.selenium.remote.RemoteWebDriver.execute(RemoteWebDriver.java:679)
	at org.openqa.selenium.remote.RemoteWebDriver.getScreenshotAs(RemoteWebDriver.java:325)
	at com.Hooks.HooksMethods.afterhooks(HooksMethods.java:35)
Caused by: java.io.UncheckedIOException: java.net.ConnectException: Connection refused: no further information: localhost/[0:0:0:0:0:0:0:1]:7500
	at org.openqa.selenium.remote.http.netty.NettyHttpHandler.makeCall(NettyHttpHandler.java:73)
	at org.openqa.selenium.remote.http.AddSeleniumUserAgent.lambda$apply$0(AddSeleniumUserAgent.java:42)
	at org.openqa.selenium.remote.http.Filter.lambda$andFinally$1(Filter.java:55)
	at org.openqa.selenium.remote.http.netty.NettyHttpHandler.execute(NettyHttpHandler.java:48)
	at org.openqa.selenium.remote.http.netty.NettyClient.execute(NettyClient.java:96)
	at org.openqa.selenium.remote.HttpCommandExecutor.execute(HttpCommandExecutor.java:188)
	at org.openqa.selenium.remote.service.DriverCommandExecutor.invokeExecute(DriverCommandExecutor.java:196)
	at org.openqa.selenium.remote.service.DriverCommandExecutor.execute(DriverCommandExecutor.java:171)
	at org.openqa.selenium.remote.RemoteWebDriver.execute(RemoteWebDriver.java:602)
	at org.openqa.selenium.remote.RemoteWebDriver.execute(RemoteWebDriver.java:675)
	at org.openqa.selenium.remote.RemoteWebDriver.execute(RemoteWebDriver.java:679)
	at org.openqa.selenium.remote.RemoteWebDriver.getScreenshotAs(RemoteWebDriver.java:325)
	at com.Hooks.HooksMethods.afterhooks(HooksMethods.java:35)
	at java.base/jdk.internal.reflect.NativeMethodAccessorImpl.invoke0(Native Method)
	at java.base/jdk.internal.reflect.NativeMethodAccessorImpl.invoke(NativeMethodAccessorImpl.java:77)
	at java.base/jdk.internal.reflect.DelegatingMethodAccessorImpl.invoke(DelegatingMethodAccessorImpl.java:43)
	at java.base/java.lang.reflect.Method.invoke(Method.java:568)
	at io.cucumber.java.Invoker.doInvoke(Invoker.java:66)
	at io.cucumber.java.Invoker.invoke(Invoker.java:24)
	at io.cucumber.java.AbstractGlueDefinition.invokeMethod(AbstractGlueDefinition.java:47)
	at io.cucumber.java.JavaHookDefinition.execute(JavaHookDefinition.java:64)
	at io.cucumber.core.runner.CoreHookDefinition.execute(CoreHookDefinition.java:47)
	at io.cucumber.core.runner.HookDefinitionMatch.runStep(HookDefinitionMatch.java:21)
	at io.cucumber.core.runner.ExecutionMode$1.execute(ExecutionMode.java:10)
	at io.cucumber.core.runner.TestStep.executeStep(TestStep.java:81)
	at io.cucumber.core.runner.TestStep.run(TestStep.java:53)
	at io.cucumber.core.runner.TestCase.run(TestCase.java:90)
	at io.cucumber.core.runner.Runner.runPickle(Runner.java:75)
	at io.cucumber.junit.PickleRunners$NoStepDescriptions.lambda$run$0(PickleRunners.java:151)
	at io.cucumber.core.runtime.CucumberExecutionContext.lambda$runTestCase$5(CucumberExecutionContext.java:136)
	at io.cucumber.core.runtime.RethrowingThrowableCollector.executeAndThrow(RethrowingThrowableCollector.java:23)
	at io.cucumber.core.runtime.CucumberExecutionContext.runTestCase(CucumberExecutionContext.java:136)
	at io.cucumber.junit.PickleRunners$NoStepDescriptions.run(PickleRunners.java:148)
	at io.cucumber.junit.FeatureRunner.runChild(FeatureRunner.java:144)
	at io.cucumber.junit.FeatureRunner.runChild(FeatureRunner.java:28)
	at org.junit.runners.ParentRunner$4.run(ParentRunner.java:331)
	at org.junit.runners.ParentRunner$1.schedule(ParentRunner.java:79)
	at org.junit.runners.ParentRunner.runChildren(ParentRunner.java:329)
	at org.junit.runners.ParentRunner.access$100(ParentRunner.java:66)
	at org.junit.runners.ParentRunner$2.evaluate(ParentRunner.java:293)
	at org.junit.runners.ParentRunner$3.evaluate(ParentRunner.java:306)
	at org.junit.runners.ParentRunner.run(ParentRunner.java:413)
	at io.cucumber.junit.FeatureRunner.run(FeatureRunner.java:137)
	at io.cucumber.junit.Cucumber.runChild(Cucumber.java:199)
	at io.cucumber.junit.Cucumber.runChild(Cucumber.java:89)
	at org.junit.runners.ParentRunner$4.run(ParentRunner.java:331)
	at org.junit.runners.ParentRunner$1.schedule(ParentRunner.java:79)
	at org.junit.runners.ParentRunner.runChildren(ParentRunner.java:329)
	at org.junit.runners.ParentRunner.access$100(ParentRunner.java:66)
	at org.junit.runners.ParentRunner$2.evaluate(ParentRunner.java:293)
	at io.cucumber.core.runtime.CucumberExecutionContext.lambda$runFeatures$6(CucumberExecutionContext.java:147)
	at io.cucumber.core.runtime.CucumberExecutionContext.execute(CucumberExecutionContext.java:162)
	at io.cucumber.core.runtime.CucumberExecutionContext.runFeatures(CucumberExecutionContext.java:145)
	at io.cucumber.junit.Cucumber$StartAndFinishTestRun.evaluate(Cucumber.java:229)
	at org.junit.runners.ParentRunner$3.evaluate(ParentRunner.java:306)
	at org.junit.runners.ParentRunner.run(ParentRunner.java:413)
	at org.junit.runner.JUnitCore.run(JUnitCore.java:137)
	at org.junit.runner.JUnitCore.run(JUnitCore.java:115)
	at org.junit.vintage.engine.execution.RunnerExecutor.execute(RunnerExecutor.java:42)
	at org.junit.vintage.engine.VintageTestEngine.executeAllChildren(VintageTestEngine.java:80)
	at org.junit.vintage.engine.VintageTestEngine.execute(VintageTestEngine.java:72)
	at org.junit.platform.launcher.core.EngineExecutionOrchestrator.execute(EngineExecutionOrchestrator.java:198)
	at org.junit.platform.launcher.core.EngineExecutionOrchestrator.execute(EngineExecutionOrchestrator.java:169)
	at org.junit.platform.launcher.core.EngineExecutionOrchestrator.execute(EngineExecutionOrchestrator.java:93)
	at org.junit.platform.launcher.core.EngineExecutionOrchestrator.lambda$execute$0(EngineExecutionOrchestrator.java:58)
	at org.junit.platform.launcher.core.EngineExecutionOrchestrator.withInterceptedStreams(EngineExecutionOrchestrator.java:141)
	at org.junit.platform.launcher.core.EngineExecutionOrchestrator.execute(EngineExecutionOrchestrator.java:57)
	at org.junit.platform.launcher.core.DefaultLauncher.execute(DefaultLauncher.java:103)
	at org.junit.platform.launcher.core.DefaultLauncher.execute(DefaultLauncher.java:94)
	at org.junit.platform.launcher.core.DelegatingLauncher.execute(DelegatingLauncher.java:52)
	at org.junit.platform.launcher.core.SessionPerRequestLauncher.execute(SessionPerRequestLauncher.java:70)
	at org.eclipse.jdt.internal.junit5.runner.JUnit5TestReference.run(JUnit5TestReference.java:98)
	at org.eclipse.jdt.internal.junit.runner.TestExecution.run(TestExecution.java:40)
	at org.eclipse.jdt.internal.junit.runner.RemoteTestRunner.runTests(RemoteTestRunner.java:529)
	at org.eclipse.jdt.internal.junit.runner.RemoteTestRunner.runTests(RemoteTestRunner.java:756)
	at org.eclipse.jdt.internal.junit.runner.RemoteTestRunner.run(RemoteTestRunner.java:452)
	at org.eclipse.jdt.internal.junit.runner.RemoteTestRunner.main(RemoteTestRunner.java:210)
Caused by: java.net.ConnectException: Connection refused: no further information: localhost/[0:0:0:0:0:0:0:1]:7500
	at org.asynchttpclient.netty.channel.NettyConnectListener.onFailure(NettyConnectListener.java:179)
	at org.asynchttpclient.netty.channel.NettyChannelConnector$1.onFailure(NettyChannelConnector.java:108)
	at org.asynchttpclient.netty.SimpleChannelFutureListener.operationComplete(SimpleChannelFutureListener.java:28)
	at org.asynchttpclient.netty.SimpleChannelFutureListener.operationComplete(SimpleChannelFutureListener.java:20)
	at io.netty.util.concurrent.DefaultPromise.notifyListener0(DefaultPromise.java:590)
	at io.netty.util.concurrent.DefaultPromise.notifyListeners0(DefaultPromise.java:583)
	at io.netty.util.concurrent.DefaultPromise.notifyListenersNow(DefaultPromise.java:559)
	at io.netty.util.concurrent.DefaultPromise.notifyListeners(DefaultPromise.java:492)
	at io.netty.util.concurrent.DefaultPromise.setValue0(DefaultPromise.java:636)
	at io.netty.util.concurrent.DefaultPromise.setFailure0(DefaultPromise.java:629)
	at io.netty.util.concurrent.DefaultPromise.tryFailure(DefaultPromise.java:118)
	at io.netty.channel.nio.AbstractNioChannel$AbstractNioUnsafe.fulfillConnectPromise(AbstractNioChannel.java:321)
	at io.netty.channel.nio.AbstractNioChannel$AbstractNioUnsafe.finishConnect(AbstractNioChannel.java:337)
	at io.netty.channel.nio.NioEventLoop.processSelectedKey(NioEventLoop.java:776)
	at io.netty.channel.nio.NioEventLoop.processSelectedKeysOptimized(NioEventLoop.java:724)
	at io.netty.channel.nio.NioEventLoop.processSelectedKeys(NioEventLoop.java:650)
	at io.netty.channel.nio.NioEventLoop.run(NioEventLoop.java:562)
	at io.netty.util.concurrent.SingleThreadEventExecutor$4.run(SingleThreadEventExecutor.java:997)
	at io.netty.util.internal.ThreadExecutorMap$2.run(ThreadExecutorMap.java:74)
	at io.netty.util.concurrent.FastThreadLocalRunnable.run(FastThreadLocalRunnable.java:30)
	at java.base/java.lang.Thread.run(Thread.java:840)
Caused by: io.netty.channel.AbstractChannel$AnnotatedConnectException: Connection refused: no further information: localhost/[0:0:0:0:0:0:0:1]:7500
Caused by: java.net.ConnectException: Connection refused: no further information
	at java.base/sun.nio.ch.Net.pollConnect(Native Method)
	at java.base/sun.nio.ch.Net.pollConnectNow(Net.java:672)
	at java.base/sun.nio.ch.SocketChannelImpl.finishConnect(SocketChannelImpl.java:946)
	at io.netty.channel.socket.nio.NioSocketChannel.doFinishConnect(NioSocketChannel.java:337)
	at io.netty.channel.nio.AbstractNioChannel$AbstractNioUnsafe.finishConnect(AbstractNioChannel.java:334)
	at io.netty.channel.nio.NioEventLoop.processSelectedKey(NioEventLoop.java:776)
	at io.netty.channel.nio.NioEventLoop.processSelectedKeysOptimized(NioEventLoop.java:724)
	at io.netty.channel.nio.NioEventLoop.processSelectedKeys(NioEventLoop.java:650)
	at io.netty.channel.nio.NioEventLoop.run(NioEventLoop.java:562)
	at io.netty.util.concurrent.SingleThreadEventExecutor$4.run(SingleThreadEventExecutor.java:997)
	at io.netty.util.internal.ThreadExecutorMap$2.run(ThreadExecutorMap.java:74)
	at io.netty.util.concurrent.FastThreadLocalRunnable.run(FastThreadLocalRunnable.java:30)
	at java.base/java.lang.Thread.run(Thread.java:840)
</pre>
        </div>
  </div>
                  </div>
                </div>
            </div>
          </div>
        </div>
            <div class="border-bottom my-5"></div>
      </div>
      <div class="test-container">
        <div class="container">
          <div class="row">
            <div class="col-4">
              <h6 class="mb-3 testname failed">Feature: Magento E-commerce Website Testing</h6>
              <div class="small">
                <span class="badge badge-outline"><i class="bi bi-hourglass me-1"></i> 42s</span>
                <span class="badge text-bg-info"><i class="bi bi-clock me-1"></i>
                  2025-03-26 09:28:18 am</span>
                <span class="badge text-bg-warning"><i class="bi bi-clock me-1"></i>
                  2025-03-26 09:29:01 am</span>
              </div>
            </div>
            <div class="col-8">
                <div class="card mb-1 result failed">
                  <div class="card-body">
                    <div class="d-flex justify-content-between">
                      <div>
                            <i class="bi bi-exclamation-octagon-fill text-danger"></i>
                        <span class="ms-2">Scenario Outline: Purchase a Mens Jacket</span>
                      </div>
                      <div>
                        <span class="badge text-dark bg-light">13s</span>
                      </div>
                    </div>
  <div class="mt-2">
        <div class="mt-1">
            <i class="bi bi-check-circle-fill text-success"></i>
          <span class="ms-2">Given User Launch the Browser</span>
        </div>
        <div class="mt-1">
            <i class="bi bi-check-circle-fill text-success"></i>
          <span class="ms-2">Given User Launch the Url</span>
        </div>
        <div class="mt-1">
            <i class="bi bi-check-circle-fill text-success"></i>
          <span class="ms-2">When User click the Homepage SingIn Button</span>
        </div>
        <div class="mt-1">
            <i class="bi bi-check-circle-fill text-success"></i>
          <span class="ms-2">Then User navigates to the login page "Customer Login"</span>
        </div>
        <div class="mt-1">
            <i class="bi bi-check-circle-fill text-success"></i>
          <span class="ms-2">When User enters Username "vellivelan@gmail.comg" in the Username Field</span>
        </div>
        <div class="mt-1">
            <i class="bi bi-check-circle-fill text-success"></i>
          <span class="ms-2">And User enters password "123455"  in the Password Field</span>
        </div>
        <div class="mt-1">
            <i class="bi bi-check-circle-fill text-success"></i>
          <span class="ms-2">And User clicks on the signIn button</span>
        </div>
        <div class="mt-1">
              <i class="bi bi-exclamation-octagon-fill text-danger"></i>
          <span class="ms-2">Then User should be redirected to  the dashboard  "Welcome, Velan Velli!"</span>
            <pre class="py-2 mt-2">java.lang.AssertionError: ERROR: OCCUR IN THE ASSERT TEXT 
	at org.junit.Assert.fail(Assert.java:89)
	at com.resuableMethods.Baseclass.assertText(Baseclass.java:180)
	at com.PageObjectModel.LoginPagePOM.getDashBoardValidations(LoginPagePOM.java:71)
	at com.lumaStepDef1.LumaMensStepDef.user_should_be_redirected_to_the_dashboard(LumaMensStepDef.java:69)
	at ✽.User should be redirected to  the dashboard  "Welcome, Velan Velli!"(file:///C:/Users/velan/eclipse-workspace.Cucumber/LumaCucumberFramework/src/test/resources/com.featureFiles/LumaTshirtPurchase.feature:16)
</pre>
        </div>
        <div class="mt-1">
              <i class="bi bi-exclamation-octagon-fill text-info"></i>
          <span class="ms-2">When User select the Mens top Jacket Selection</span>
        </div>
        <div class="mt-1">
              <i class="bi bi-exclamation-octagon-fill text-info"></i>
          <span class="ms-2">And User selects the "Montana Wind Jacket"</span>
        </div>
        <div class="mt-1">
              <i class="bi bi-exclamation-octagon-fill text-info"></i>
          <span class="ms-2">And User Select L size</span>
        </div>
        <div class="mt-1">
              <i class="bi bi-exclamation-octagon-fill text-info"></i>
          <span class="ms-2">And User Select  Red Color</span>
        </div>
        <div class="mt-1">
              <i class="bi bi-exclamation-octagon-fill text-info"></i>
          <span class="ms-2">And User adds the jacket to the cart</span>
        </div>
        <div class="mt-1">
              <i class="bi bi-exclamation-octagon-fill text-info"></i>
          <span class="ms-2">And User click the Shoping Cart</span>
        </div>
        <div class="mt-1">
              <i class="bi bi-exclamation-octagon-fill text-info"></i>
          <span class="ms-2">And User proceeds to checkout</span>
        </div>
        <div class="mt-1">
              <i class="bi bi-exclamation-octagon-fill text-info"></i>
          <span class="ms-2">When User fills in the mandatory shipping address with the following details</span>
        </div>
        <div class="mt-1">
              <i class="bi bi-exclamation-octagon-fill text-info"></i>
          <span class="ms-2">And User selects the standard shipping method</span>
        </div>
        <div class="mt-1">
              <i class="bi bi-exclamation-octagon-fill text-info"></i>
          <span class="ms-2">And User places the order</span>
        </div>
        <div class="mt-1">
              <i class="bi bi-exclamation-octagon-fill text-info"></i>
          <span class="ms-2">Then User should see a success message "Thank you for your purchase!"</span>
        </div>
        <div class="mt-1">
              <i class="bi bi-exclamation-octagon-fill text-info"></i>
          <span class="ms-2">And User should print the order number</span>
        </div>
        <div class="mt-1">
              <i class="bi bi-exclamation-octagon-fill text-danger"></i>
          <span class="ms-2">Hook: AFTER</span>
            <pre class="py-2 mt-2">org.openqa.selenium.remote.UnreachableBrowserException: Error communicating with the remote browser. It may have died.
Build info: version: '4.13.0', revision: 'ba948ece5b*'
System info: os.name: 'Windows 11', os.arch: 'amd64', os.version: '10.0', java.version: '17.0.9'
Driver info: org.openqa.selenium.chrome.ChromeDriver
Command: [23ab308a9ca4f5500f5c53313cbb80d7, screenshot []]
Capabilities {acceptInsecureCerts: false, browserName: chrome, browserVersion: 134.0.6998.118, chrome: {chromedriverVersion: 134.0.6998.165 (fd886e2cb29..., userDataDir: C:\Users\velan\AppData\Loca...}, fedcm:accounts: true, goog:chromeOptions: {debuggerAddress: localhost:57512}, networkConnectionEnabled: false, pageLoadStrategy: normal, platformName: windows, proxy: Proxy(), se:cdp: ws://localhost:57512/devtoo..., se:cdpVersion: 134.0.6998.118, setWindowRect: true, strictFileInteractability: false, timeouts: {implicit: 0, pageLoad: 300000, script: 30000}, unhandledPromptBehavior: dismiss and notify, webauthn:extension:credBlob: true, webauthn:extension:largeBlob: true, webauthn:extension:minPinLength: true, webauthn:extension:prf: true, webauthn:virtualAuthenticators: true}
Session ID: 23ab308a9ca4f5500f5c53313cbb80d7
	at org.openqa.selenium.remote.RemoteWebDriver.execute(RemoteWebDriver.java:629)
	at org.openqa.selenium.remote.RemoteWebDriver.execute(RemoteWebDriver.java:675)
	at org.openqa.selenium.remote.RemoteWebDriver.execute(RemoteWebDriver.java:679)
	at org.openqa.selenium.remote.RemoteWebDriver.getScreenshotAs(RemoteWebDriver.java:325)
	at com.Hooks.HooksMethods.afterhooks(HooksMethods.java:35)
Caused by: java.io.UncheckedIOException: java.net.ConnectException: Connection refused: no further information: localhost/[0:0:0:0:0:0:0:1]:39392
	at org.openqa.selenium.remote.http.netty.NettyHttpHandler.makeCall(NettyHttpHandler.java:73)
	at org.openqa.selenium.remote.http.AddSeleniumUserAgent.lambda$apply$0(AddSeleniumUserAgent.java:42)
	at org.openqa.selenium.remote.http.Filter.lambda$andFinally$1(Filter.java:55)
	at org.openqa.selenium.remote.http.netty.NettyHttpHandler.execute(NettyHttpHandler.java:48)
	at org.openqa.selenium.remote.http.netty.NettyClient.execute(NettyClient.java:96)
	at org.openqa.selenium.remote.HttpCommandExecutor.execute(HttpCommandExecutor.java:188)
	at org.openqa.selenium.remote.service.DriverCommandExecutor.invokeExecute(DriverCommandExecutor.java:196)
	at org.openqa.selenium.remote.service.DriverCommandExecutor.execute(DriverCommandExecutor.java:171)
	at org.openqa.selenium.remote.RemoteWebDriver.execute(RemoteWebDriver.java:602)
	at org.openqa.selenium.remote.RemoteWebDriver.execute(RemoteWebDriver.java:675)
	at org.openqa.selenium.remote.RemoteWebDriver.execute(RemoteWebDriver.java:679)
	at org.openqa.selenium.remote.RemoteWebDriver.getScreenshotAs(RemoteWebDriver.java:325)
	at com.Hooks.HooksMethods.afterhooks(HooksMethods.java:35)
	at java.base/jdk.internal.reflect.NativeMethodAccessorImpl.invoke0(Native Method)
	at java.base/jdk.internal.reflect.NativeMethodAccessorImpl.invoke(NativeMethodAccessorImpl.java:77)
	at java.base/jdk.internal.reflect.DelegatingMethodAccessorImpl.invoke(DelegatingMethodAccessorImpl.java:43)
	at java.base/java.lang.reflect.Method.invoke(Method.java:568)
	at io.cucumber.java.Invoker.doInvoke(Invoker.java:66)
	at io.cucumber.java.Invoker.invoke(Invoker.java:24)
	at io.cucumber.java.AbstractGlueDefinition.invokeMethod(AbstractGlueDefinition.java:47)
	at io.cucumber.java.JavaHookDefinition.execute(JavaHookDefinition.java:64)
	at io.cucumber.core.runner.CoreHookDefinition.execute(CoreHookDefinition.java:47)
	at io.cucumber.core.runner.HookDefinitionMatch.runStep(HookDefinitionMatch.java:21)
	at io.cucumber.core.runner.ExecutionMode$1.execute(ExecutionMode.java:10)
	at io.cucumber.core.runner.TestStep.executeStep(TestStep.java:81)
	at io.cucumber.core.runner.TestStep.run(TestStep.java:53)
	at io.cucumber.core.runner.TestCase.run(TestCase.java:90)
	at io.cucumber.core.runner.Runner.runPickle(Runner.java:75)
	at io.cucumber.junit.PickleRunners$NoStepDescriptions.lambda$run$0(PickleRunners.java:151)
	at io.cucumber.core.runtime.CucumberExecutionContext.lambda$runTestCase$5(CucumberExecutionContext.java:136)
	at io.cucumber.core.runtime.RethrowingThrowableCollector.executeAndThrow(RethrowingThrowableCollector.java:23)
	at io.cucumber.core.runtime.CucumberExecutionContext.runTestCase(CucumberExecutionContext.java:136)
	at io.cucumber.junit.PickleRunners$NoStepDescriptions.run(PickleRunners.java:148)
	at io.cucumber.junit.FeatureRunner.runChild(FeatureRunner.java:144)
	at io.cucumber.junit.FeatureRunner.runChild(FeatureRunner.java:28)
	at org.junit.runners.ParentRunner$4.run(ParentRunner.java:331)
	at org.junit.runners.ParentRunner$1.schedule(ParentRunner.java:79)
	at org.junit.runners.ParentRunner.runChildren(ParentRunner.java:329)
	at org.junit.runners.ParentRunner.access$100(ParentRunner.java:66)
	at org.junit.runners.ParentRunner$2.evaluate(ParentRunner.java:293)
	at org.junit.runners.ParentRunner$3.evaluate(ParentRunner.java:306)
	at org.junit.runners.ParentRunner.run(ParentRunner.java:413)
	at io.cucumber.junit.FeatureRunner.run(FeatureRunner.java:137)
	at io.cucumber.junit.Cucumber.runChild(Cucumber.java:199)
	at io.cucumber.junit.Cucumber.runChild(Cucumber.java:89)
	at org.junit.runners.ParentRunner$4.run(ParentRunner.java:331)
	at org.junit.runners.ParentRunner$1.schedule(ParentRunner.java:79)
	at org.junit.runners.ParentRunner.runChildren(ParentRunner.java:329)
	at org.junit.runners.ParentRunner.access$100(ParentRunner.java:66)
	at org.junit.runners.ParentRunner$2.evaluate(ParentRunner.java:293)
	at io.cucumber.core.runtime.CucumberExecutionContext.lambda$runFeatures$6(CucumberExecutionContext.java:147)
	at io.cucumber.core.runtime.CucumberExecutionContext.execute(CucumberExecutionContext.java:162)
	at io.cucumber.core.runtime.CucumberExecutionContext.runFeatures(CucumberExecutionContext.java:145)
	at io.cucumber.junit.Cucumber$StartAndFinishTestRun.evaluate(Cucumber.java:229)
	at org.junit.runners.ParentRunner$3.evaluate(ParentRunner.java:306)
	at org.junit.runners.ParentRunner.run(ParentRunner.java:413)
	at org.junit.runner.JUnitCore.run(JUnitCore.java:137)
	at org.junit.runner.JUnitCore.run(JUnitCore.java:115)
	at org.junit.vintage.engine.execution.RunnerExecutor.execute(RunnerExecutor.java:42)
	at org.junit.vintage.engine.VintageTestEngine.executeAllChildren(VintageTestEngine.java:80)
	at org.junit.vintage.engine.VintageTestEngine.execute(VintageTestEngine.java:72)
	at org.junit.platform.launcher.core.EngineExecutionOrchestrator.execute(EngineExecutionOrchestrator.java:198)
	at org.junit.platform.launcher.core.EngineExecutionOrchestrator.execute(EngineExecutionOrchestrator.java:169)
	at org.junit.platform.launcher.core.EngineExecutionOrchestrator.execute(EngineExecutionOrchestrator.java:93)
	at org.junit.platform.launcher.core.EngineExecutionOrchestrator.lambda$execute$0(EngineExecutionOrchestrator.java:58)
	at org.junit.platform.launcher.core.EngineExecutionOrchestrator.withInterceptedStreams(EngineExecutionOrchestrator.java:141)
	at org.junit.platform.launcher.core.EngineExecutionOrchestrator.execute(EngineExecutionOrchestrator.java:57)
	at org.junit.platform.launcher.core.DefaultLauncher.execute(DefaultLauncher.java:103)
	at org.junit.platform.launcher.core.DefaultLauncher.execute(DefaultLauncher.java:94)
	at org.junit.platform.launcher.core.DelegatingLauncher.execute(DelegatingLauncher.java:52)
	at org.junit.platform.launcher.core.SessionPerRequestLauncher.execute(SessionPerRequestLauncher.java:70)
	at org.eclipse.jdt.internal.junit5.runner.JUnit5TestReference.run(JUnit5TestReference.java:98)
	at org.eclipse.jdt.internal.junit.runner.TestExecution.run(TestExecution.java:40)
	at org.eclipse.jdt.internal.junit.runner.RemoteTestRunner.runTests(RemoteTestRunner.java:529)
	at org.eclipse.jdt.internal.junit.runner.RemoteTestRunner.runTests(RemoteTestRunner.java:756)
	at org.eclipse.jdt.internal.junit.runner.RemoteTestRunner.run(RemoteTestRunner.java:452)
	at org.eclipse.jdt.internal.junit.runner.RemoteTestRunner.main(RemoteTestRunner.java:210)
Caused by: java.net.ConnectException: Connection refused: no further information: localhost/[0:0:0:0:0:0:0:1]:39392
	at org.asynchttpclient.netty.channel.NettyConnectListener.onFailure(NettyConnectListener.java:179)
	at org.asynchttpclient.netty.channel.NettyChannelConnector$1.onFailure(NettyChannelConnector.java:108)
	at org.asynchttpclient.netty.SimpleChannelFutureListener.operationComplete(SimpleChannelFutureListener.java:28)
	at org.asynchttpclient.netty.SimpleChannelFutureListener.operationComplete(SimpleChannelFutureListener.java:20)
	at io.netty.util.concurrent.DefaultPromise.notifyListener0(DefaultPromise.java:590)
	at io.netty.util.concurrent.DefaultPromise.notifyListeners0(DefaultPromise.java:583)
	at io.netty.util.concurrent.DefaultPromise.notifyListenersNow(DefaultPromise.java:559)
	at io.netty.util.concurrent.DefaultPromise.notifyListeners(DefaultPromise.java:492)
	at io.netty.util.concurrent.DefaultPromise.setValue0(DefaultPromise.java:636)
	at io.netty.util.concurrent.DefaultPromise.setFailure0(DefaultPromise.java:629)
	at io.netty.util.concurrent.DefaultPromise.tryFailure(DefaultPromise.java:118)
	at io.netty.channel.nio.AbstractNioChannel$AbstractNioUnsafe.fulfillConnectPromise(AbstractNioChannel.java:321)
	at io.netty.channel.nio.AbstractNioChannel$AbstractNioUnsafe.finishConnect(AbstractNioChannel.java:337)
	at io.netty.channel.nio.NioEventLoop.processSelectedKey(NioEventLoop.java:776)
	at io.netty.channel.nio.NioEventLoop.processSelectedKeysOptimized(NioEventLoop.java:724)
	at io.netty.channel.nio.NioEventLoop.processSelectedKeys(NioEventLoop.java:650)
	at io.netty.channel.nio.NioEventLoop.run(NioEventLoop.java:562)
	at io.netty.util.concurrent.SingleThreadEventExecutor$4.run(SingleThreadEventExecutor.java:997)
	at io.netty.util.internal.ThreadExecutorMap$2.run(ThreadExecutorMap.java:74)
	at io.netty.util.concurrent.FastThreadLocalRunnable.run(FastThreadLocalRunnable.java:30)
	at java.base/java.lang.Thread.run(Thread.java:840)
Caused by: io.netty.channel.AbstractChannel$AnnotatedConnectException: Connection refused: no further information: localhost/[0:0:0:0:0:0:0:1]:39392
Caused by: java.net.ConnectException: Connection refused: no further information
	at java.base/sun.nio.ch.Net.pollConnect(Native Method)
	at java.base/sun.nio.ch.Net.pollConnectNow(Net.java:672)
	at java.base/sun.nio.ch.SocketChannelImpl.finishConnect(SocketChannelImpl.java:946)
	at io.netty.channel.socket.nio.NioSocketChannel.doFinishConnect(NioSocketChannel.java:337)
	at io.netty.channel.nio.AbstractNioChannel$AbstractNioUnsafe.finishConnect(AbstractNioChannel.java:334)
	at io.netty.channel.nio.NioEventLoop.processSelectedKey(NioEventLoop.java:776)
	at io.netty.channel.nio.NioEventLoop.processSelectedKeysOptimized(NioEventLoop.java:724)
	at io.netty.channel.nio.NioEventLoop.processSelectedKeys(NioEventLoop.java:650)
	at io.netty.channel.nio.NioEventLoop.run(NioEventLoop.java:562)
	at io.netty.util.concurrent.SingleThreadEventExecutor$4.run(SingleThreadEventExecutor.java:997)
	at io.netty.util.internal.ThreadExecutorMap$2.run(ThreadExecutorMap.java:74)
	at io.netty.util.concurrent.FastThreadLocalRunnable.run(FastThreadLocalRunnable.java:30)
	at java.base/java.lang.Thread.run(Thread.java:840)
</pre>
        </div>
  </div>
                  </div>
                </div>
                <div class="card mb-1 result passed">
                  <div class="card-body">
                    <div class="d-flex justify-content-between">
                      <div>
                          <i class="bi bi-check-circle-fill text-success"></i>
                        <span class="ms-2">Scenario Outline: Purchase a Mens Jacket</span>
                      </div>
                      <div>
                        <span class="badge text-dark bg-light">23s</span>
                      </div>
                    </div>
  <div class="mt-2">
        <div class="mt-1">
            <i class="bi bi-check-circle-fill text-success"></i>
          <span class="ms-2">Given User Launch the Browser</span>
        </div>
        <div class="mt-1">
            <i class="bi bi-check-circle-fill text-success"></i>
          <span class="ms-2">Given User Launch the Url</span>
        </div>
        <div class="mt-1">
            <i class="bi bi-check-circle-fill text-success"></i>
          <span class="ms-2">When User click the Homepage SingIn Button</span>
        </div>
        <div class="mt-1">
            <i class="bi bi-check-circle-fill text-success"></i>
          <span class="ms-2">Then User navigates to the login page "Customer Login"</span>
        </div>
        <div class="mt-1">
            <i class="bi bi-check-circle-fill text-success"></i>
          <span class="ms-2">When User enters Username "velandg10@gmail.com" in the Username Field</span>
        </div>
        <div class="mt-1">
            <i class="bi bi-check-circle-fill text-success"></i>
          <span class="ms-2">And User enters password "Velan@1995"  in the Password Field</span>
        </div>
        <div class="mt-1">
            <i class="bi bi-check-circle-fill text-success"></i>
          <span class="ms-2">And User clicks on the signIn button</span>
        </div>
        <div class="mt-1">
            <i class="bi bi-check-circle-fill text-success"></i>
          <span class="ms-2">Then User should be redirected to  the dashboard  "Welcome, Velan Velli!"</span>
        </div>
        <div class="mt-1">
            <i class="bi bi-check-circle-fill text-success"></i>
          <span class="ms-2">When User select the Mens top Jacket Selection</span>
        </div>
        <div class="mt-1">
            <i class="bi bi-check-circle-fill text-success"></i>
          <span class="ms-2">And User selects the "Montana Wind Jacket"</span>
        </div>
        <div class="mt-1">
            <i class="bi bi-check-circle-fill text-success"></i>
          <span class="ms-2">And User Select L size</span>
        </div>
        <div class="mt-1">
            <i class="bi bi-check-circle-fill text-success"></i>
          <span class="ms-2">And User Select  Red Color</span>
        </div>
        <div class="mt-1">
            <i class="bi bi-check-circle-fill text-success"></i>
          <span class="ms-2">And User adds the jacket to the cart</span>
        </div>
        <div class="mt-1">
            <i class="bi bi-check-circle-fill text-success"></i>
          <span class="ms-2">And User click the Shoping Cart</span>
        </div>
        <div class="mt-1">
            <i class="bi bi-check-circle-fill text-success"></i>
          <span class="ms-2">And User proceeds to checkout</span>
        </div>
        <div class="mt-1">
            <i class="bi bi-check-circle-fill text-success"></i>
          <span class="ms-2">When User fills in the mandatory shipping address with the following details</span>
        </div>
        <div class="mt-1">
            <i class="bi bi-check-circle-fill text-success"></i>
          <span class="ms-2">And User selects the standard shipping method</span>
        </div>
        <div class="mt-1">
            <i class="bi bi-check-circle-fill text-success"></i>
          <span class="ms-2">And User places the order</span>
        </div>
        <div class="mt-1">
            <i class="bi bi-check-circle-fill text-success"></i>
          <span class="ms-2">Then User should see a success message "Thank you for your purchase!"</span>
        </div>
        <div class="mt-1">
            <i class="bi bi-check-circle-fill text-success"></i>
          <span class="ms-2">And User should print the order number</span>
        </div>
  </div>
                      <div class="row mt-3">
                          <div class="embed col-2 mb-1">
                            <img src="resources/2f0396ca-cecf-44df-bb42-0589a6e696c4.png" />
                          </div>
                      </div>
                  </div>
                </div>
                <div class="card mb-1 result passed">
                  <div class="card-body">
                    <div class="d-flex justify-content-between">
                      <div>
                          <i class="bi bi-check-circle-fill text-success"></i>
                        <span class="ms-2">Scenario: Purchase Women Tshirt  products</span>
                      </div>
                      <div>
                        <span class="badge text-dark bg-light">5s</span>
                      </div>
                    </div>
  <div class="mt-2">
        <div class="mt-1">
            <i class="bi bi-check-circle-fill text-success"></i>
          <span class="ms-2">Given User Launch the Browser</span>
        </div>
        <div class="mt-1">
            <i class="bi bi-check-circle-fill text-success"></i>
          <span class="ms-2">Given User Launch the Url</span>
        </div>
        <div class="mt-1">
            <i class="bi bi-check-circle-fill text-success"></i>
          <span class="ms-2">When User click the Homepage SingIn Button</span>
        </div>
        <div class="mt-1">
            <i class="bi bi-check-circle-fill text-success"></i>
          <span class="ms-2">Then User navigates to the login page "Customer Login"</span>
        </div>
        <div class="mt-1">
            <i class="bi bi-check-circle-fill text-success"></i>
          <span class="ms-2">When User enters Username "velandg10@gmail.com" in the Username Field</span>
        </div>
        <div class="mt-1">
            <i class="bi bi-check-circle-fill text-success"></i>
          <span class="ms-2">And User enters password "vel12365"  in the Password Field</span>
        </div>
        <div class="mt-1">
            <i class="bi bi-check-circle-fill text-success"></i>
          <span class="ms-2">And User clicks on the signIn button</span>
        </div>
        <div class="mt-1">
            <i class="bi bi-check-circle-fill text-success"></i>
          <span class="ms-2">When User navigate to the "Women" category</span>
        </div>
        <div class="mt-1">
            <i class="bi bi-check-circle-fill text-success"></i>
          <span class="ms-2">When User add the "juno jacket" product to the cart with size "XL"</span>
        </div>
        <div class="mt-1">
            <i class="bi bi-check-circle-fill text-success"></i>
          <span class="ms-2">And User Women Tshirt Select L size</span>
        </div>
        <div class="mt-1">
            <i class="bi bi-check-circle-fill text-success"></i>
          <span class="ms-2">And User add the "Fusion Backpack" product to the cart</span>
        </div>
        <div class="mt-1">
            <i class="bi bi-check-circle-fill text-success"></i>
          <span class="ms-2">And User proceed to the cart</span>
        </div>
        <div class="mt-1">
            <i class="bi bi-check-circle-fill text-success"></i>
          <span class="ms-2">Then User verify the cart contains "Radiant Tee" and "Fusion Backpack"</span>
        </div>
        <div class="mt-1">
            <i class="bi bi-check-circle-fill text-success"></i>
          <span class="ms-2">When User proceed to checkout</span>
        </div>
        <div class="mt-1">
            <i class="bi bi-check-circle-fill text-success"></i>
          <span class="ms-2">And User fill in the shipping details with valid information</span>
        </div>
        <div class="mt-1">
            <i class="bi bi-check-circle-fill text-success"></i>
          <span class="ms-2">And User select "PayPal" as the payment method</span>
        </div>
        <div class="mt-1">
            <i class="bi bi-check-circle-fill text-success"></i>
          <span class="ms-2">And User confirm the order</span>
        </div>
        <div class="mt-1">
            <i class="bi bi-check-circle-fill text-success"></i>
          <span class="ms-2">Then User should see the order confirmation page with order details</span>
        </div>
  </div>
                      <div class="row mt-3">
                          <div class="embed col-2 mb-1">
                            <img src="resources/3a8273a8-28f7-4771-9a6e-8a4b74830982.png" />
                          </div>
                      </div>
                  </div>
                </div>
            </div>
          </div>
        </div>
          <div class="border-bottom py-5"></div>
      </div>
  </div>

  <script>
    const stats1Annotation = {'total': 2, 'passed': 0};
    const stats1 = [
      { result: 'Passed', count: 0, bg: 'rgb(140, 197, 83)' },
      { result: 'Failed', count: 2, bg: 'rgb(233,80,113)' },
      { result: 'Skipped', count: 0, bg: 'rgb(221, 91, 96)' }
    ];
      const stats2Annotation = {'total': 4, 'passed': 2};
      const stats2 = [
        { result: 'Passed', count: 2, bg: 'rgb(140, 197, 83)' },
        { result: 'Failed', count: 2, bg: 'rgb(233,80,113)' },
        { result: 'Skipped', count: 0, bg: 'rgb(221, 91, 96)' }
      ];
      const stats3Annotation = {'total': 79, 'passed': 56};
      const stats3 = [
        { result: 'Passed', count: 56, bg: 'rgb(140, 197, 83)' },
        { result: 'Failed', count: 4, bg: 'rgb(233,80,113)' },
        { result: 'Skipped', count: 19, bg: 'rgb(221, 91, 96)' }
      ];
     
  </script>
    <script src="https://cdn.jsdelivr.net/gh/anshooarora/chaintest/cdn/simple/chaintest-pkg.js"></script>

    <div id="sys-info-modal" class="modal" tabindex="-1">
      <div class="modal-dialog">
        <div class="modal-content">
          <div class="modal-header">
            <h6 class="modal-title">System</h6>
            <button type="button" class="btn-close" data-bs-dismiss="modal" aria-label="Close"
              onclick="toggleSysInfo(false)"></button>
          </div>
          <div class="modal-body">
            <table class="table">
              <tbody>
                  <tr>
                    <td>java.version</td>
                    <td>17.0.9</td>
                  </tr>
                  <tr>
                    <td>java.vm.name</td>
                    <td>OpenJDK 64-Bit Server VM</td>
                  </tr>
                  <tr>
                    <td>java.vm.vendor</td>
                    <td>Eclipse Adoptium</td>
                  </tr>
                  <tr>
                    <td>java.class.version</td>
                    <td>61.0</td>
                  </tr>
                  <tr>
                    <td>java.runtime.name</td>
                    <td>OpenJDK Runtime Environment</td>
                  </tr>
                  <tr>
                    <td>os.name</td>
                    <td>Windows 11</td>
                  </tr>
                  <tr>
                    <td>os.arch</td>
                    <td>amd64</td>
                  </tr>
                  <tr>
                    <td>os.version</td>
                    <td>10.0</td>
                  </tr>
              </tbody>
            </table>
          </div>
          <div class="modal-footer">
            <button type="button" class="btn btn-secondary" data-bs-dismiss="modal"
              onclick="toggleSysInfo(false)">Close</button>
          </div>
        </div>
      </div>
    </div>

  <div id="info-modal" class="modal" tabindex="-1">
    <div class="modal-dialog">
      <div class="modal-content">
        <div class="modal-header">
          <h6 class="modal-title">ChainTest Simple Generator - Shortcuts</h6>
          <button type="button" class="btn-close" data-bs-dismiss="modal" aria-label="Close"
            onclick="toggleInfoModal(false)"></button>
        </div>
        <div class="modal-body">
          <table class="table">
            <tbody>
                <tr>
                  <td>p</td>
                  <td>Toggle passed tests</td>
                </tr>
                <tr>
                  <td>s</td>
                  <td>Toggle skipped tests</td>
                </tr>
                <tr>
                  <td>L</td>
                  <td>Toggle theme (light/dark)</td>
                </tr>
                <tr>
                  <td>esc</td>
                  <td>Reset all filters</td>
                </tr>
                <tr>
                  <td>f</td>
                  <td>Toggle failed tests</td>
                </tr>
            </tbody>
          </table>
        </div>
        <div class="modal-footer">
          <button type="button" class="btn btn-secondary" data-bs-dismiss="modal"
            onclick="toggleInfoModal(false)">Close</button>
        </div>
      </div>
    </div>
  </div>

  <div id="attachment-modal" class="modal" tabindex="-1">
    <div class="modal-dialog modal-lg">
      <div class="modal-content">
        <div class="modal-header">
          <h6 class="modal-title">Attachment</h6>
          <button type="button" class="btn-close" data-bs-dismiss="modal" aria-label="Close"
            onclick="toggleAttachmentModal(false)"></button>
        </div>
        <div class="modal-body">
          <img src="" />
        </div>
        <div class="modal-footer">
          <button type="button" class="btn btn-secondary" data-bs-dismiss="modal"
            onclick="toggleAttachmentModal(false)">Close</button>
        </div>
      </div>
    </div>
  </div>

</body>

</html>